<?xml version="1.0" encoding="UTF-8"?>
<testng-results skipped="0" failed="0" total="1" passed="1">
  <reporter-output>
  </reporter-output>
  <suite name="Default suite" duration-ms="9174" started-at="2021-10-17T11:01:52Z" finished-at="2021-10-17T11:02:01Z">
    <groups>
    </groups>
    <test name="Default test" duration-ms="9174" started-at="2021-10-17T11:01:52Z" finished-at="2021-10-17T11:02:01Z">
      <class name="com.test.testcases.LoginAction">
        <test-method status="PASS" signature="setupsuite()[pri:0, instance:com.test.testcases.LoginAction@57c758ac]" name="setupsuite" is-config="true" duration-ms="16" started-at="2021-10-17T16:31:52Z" finished-at="2021-10-17T16:31:52Z">
          <reporter-output>
          </reporter-output>
        </test-method> <!-- setupsuite -->
        <test-method status="PASS" signature="setup()[pri:0, instance:com.test.testcases.LoginAction@57c758ac]" name="setup" is-config="true" duration-ms="8917" started-at="2021-10-17T16:31:52Z" finished-at="2021-10-17T16:32:01Z">
          <reporter-output>
          </reporter-output>
        </test-method> <!-- setup -->
        <test-method status="PASS" signature="test()[pri:0, instance:com.test.testcases.LoginAction@57c758ac]" name="test" duration-ms="249" started-at="2021-10-17T16:32:01Z" finished-at="2021-10-17T16:32:01Z">
          <reporter-output>
          </reporter-output>
        </test-method> <!-- test -->
        <test-method status="PASS" signature="quit()[pri:0, instance:com.test.testcases.LoginAction@57c758ac]" name="quit" is-config="true" duration-ms="0" started-at="2021-10-17T16:32:01Z" finished-at="2021-10-17T16:32:01Z">
          <reporter-output>
          </reporter-output>
        </test-method> <!-- quit -->
      </class> <!-- com.test.testcases.LoginAction -->
    </test> <!-- Default test -->
  </suite> <!-- Default suite -->
</testng-results>
